  1127.cpp
c:\users\darkv\onedrive\문서\cp2012440025\1127\1127\1127.cpp(23): error C2146: 구문 오류: ';'이(가) 'a' 식별자 앞에 없습니다.
c:\users\darkv\onedrive\문서\cp2012440025\1127\1127\1127.cpp(23): error C2065: 'a': 선언되지 않은 식별자입니다.
c:\users\darkv\onedrive\문서\cp2012440025\1127\1127\1127.cpp(26): error C2065: 'a': 선언되지 않은 식별자입니다.
c:\users\darkv\onedrive\문서\cp2012440025\1127\1127\1127.cpp(27): error C2065: 'a': 선언되지 않은 식별자입니다.
c:\users\darkv\onedrive\문서\cp2012440025\1127\1127\1127.cpp(29): error C2065: 'a': 선언되지 않은 식별자입니다.
c:\users\darkv\onedrive\문서\cp2012440025\1127\1127\1127.cpp(29): warning C4473: 'printf': 서식 문자열에 대한 인수가 충분하게 전달되지 않았습니다.
  c:\users\darkv\onedrive\문서\cp2012440025\1127\1127\1127.cpp(29): note: 자리 표시자 및 해당 매개 변수에는 variadic 인수가 1개 필요하지만 0개가 제공되었습니다.
  c:\users\darkv\onedrive\문서\cp2012440025\1127\1127\1127.cpp(29): note: 누락된 variadic 인수 1이(가) 서식 문자열 '%f'에 필요합니다.
